[33m[nodemon] 2.0.4[39m
[33m[nodemon] to restart at any time, enter `rs`[39m
[33m[nodemon] watching path(s): *.*[39m
[33m[nodemon] watching extensions: js,mjs,json[39m
[32m[nodemon] starting `node ./server/index.js`[39m
events.js:288
      throw er; // Unhandled 'error' event
      ^

Error: EPERM: operation not permitted, read
Emitted 'error' event on ReadStream instance at:
    at internal/fs/streams.js:186:12
    at FSReqCallback.wrapper [as oncomplete] (fs.js:487:5) {
  errno: -4048,
  code: 'EPERM',
  syscall: 'read'
}
[33m[nodemon] 2.0.4[39m
[33m[nodemon] to restart at any time, enter `rs`[39m
[33m[nodemon] watching path(s): *.*[39m
[33m[nodemon] watching extensions: js,mjs,json[39m
[32m[nodemon] starting `node ./server/index.js`[39m
events.js:288
      throw er; // Unhandled 'error' event
      ^

Error: EPERM: operation not permitted, read
Emitted 'error' event on ReadStream instance at:
    at internal/fs/streams.js:186:12
    at FSReqCallback.wrapper [as oncomplete] (fs.js:487:5) {
  errno: -4048,
  code: 'EPERM',
  syscall: 'read'
}
